<?xml version="1.0" encoding="UTF-8"?>
<!-- Generated by org.testng.reporters.JUnitReportReporter -->
<testsuite hostname="DESKTOP-DIVEIIT" failures="0" tests="1" name="com.code.NewTest" time="16.535" errors="0" timestamp="2025-08-17T13:44:22 IST" skipped="0">
  <testcase classname="com.code.NewTest" name="f" time="16.535"/>
</testsuite> <!-- com.code.NewTest -->
